<?xml version="1.0" encoding="UTF-8"?>
<testsuite name="Cucumber" time="9.468" tests="3" skipped="0" failures="0" errors="0" timestamp="2025-03-04T12:29:44.328666Z">
<testcase classname="Verify successful login for Atheer user" name="Open browser and navigate to login page" time="3.679">
<system-out><![CDATA[
Given Invoke "browser" browser..............................................passed
]]></system-out>
</testcase>
<testcase classname="Verify successful login for Atheer user" name="Entering valid email address and password of admin user" time="5.604">
<system-out><![CDATA[
Given Click on the "EMAIL_FIELD" of "loginPage".............................passed
Then Enter email of admin user in "EMAIL_FIELD" field of "loginPage"........passed
Then Wait for 2 seconds.....................................................passed
Then Enter password of admin in "PASSWORD_FIELD" field of "loginPage".......passed
Then Click on the "LOGIN_BUTTON" of "loginPage".............................passed
]]></system-out>
</testcase>
<testcase classname="Verify successful login for Atheer user" name="Quit the browser" time="0.1">
<system-out><![CDATA[
Given Quit the browser......................................................passed
]]></system-out>
</testcase>
</testsuite>
