<?xml version="1.0" encoding="UTF-8"?>
<testsuite xmlns:xsi="http://www.w3.org/2001/XMLSchema-instance" xsi:noNamespaceSchemaLocation="https://maven.apache.org/surefire/maven-surefire-plugin/xsd/surefire-test-report.xsd" name="Open browser and navigate to login page" time="1.435" tests="2" errors="0" skipped="0" failures="0">
  <properties>
[...]
</properties>
  <testcase name="Open browser and navigate to login page" classname="Open browser and navigate to login page" time="0"/>
  <testcase name="Invoke &quot;browser&quot; browser" classname="Open browser and navigate to login page" time="1.4"/>
</testsuite>